/home/noel/robotervermessung-rosbag-recorder/src/data_preparation/install/data_preparation/lib/python3.10/site-packages/data_preparation/ftp_download.py
/home/noel/robotervermessung-rosbag-recorder/src/data_preparation/install/data_preparation/lib/python3.10/site-packages/data_preparation/rosbag_processor.py
/home/noel/robotervermessung-rosbag-recorder/src/data_preparation/install/data_preparation/lib/python3.10/site-packages/data_preparation/__init__.py
/home/noel/robotervermessung-rosbag-recorder/src/data_preparation/install/data_preparation/lib/python3.10/site-packages/data_preparation/rosbag_gui.py
/home/noel/robotervermessung-rosbag-recorder/src/data_preparation/install/data_preparation/lib/python3.10/site-packages/data_preparation/connect_socket.py
/home/noel/robotervermessung-rosbag-recorder/src/data_preparation/install/data_preparation/lib/python3.10/site-packages/data_preparation/random_point_gen.py
/home/noel/robotervermessung-rosbag-recorder/src/data_preparation/install/data_preparation/lib/python3.10/site-packages/data_preparation/__pycache__/ftp_download.cpython-310.pyc
/home/noel/robotervermessung-rosbag-recorder/src/data_preparation/install/data_preparation/lib/python3.10/site-packages/data_preparation/__pycache__/rosbag_processor.cpython-310.pyc
/home/noel/robotervermessung-rosbag-recorder/src/data_preparation/install/data_preparation/lib/python3.10/site-packages/data_preparation/__pycache__/__init__.cpython-310.pyc
/home/noel/robotervermessung-rosbag-recorder/src/data_preparation/install/data_preparation/lib/python3.10/site-packages/data_preparation/__pycache__/rosbag_gui.cpython-310.pyc
/home/noel/robotervermessung-rosbag-recorder/src/data_preparation/install/data_preparation/lib/python3.10/site-packages/data_preparation/__pycache__/connect_socket.cpython-310.pyc
/home/noel/robotervermessung-rosbag-recorder/src/data_preparation/install/data_preparation/lib/python3.10/site-packages/data_preparation/__pycache__/random_point_gen.cpython-310.pyc
/home/noel/robotervermessung-rosbag-recorder/src/data_preparation/install/data_preparation/share/ament_index/resource_index/packages/data_preparation
/home/noel/robotervermessung-rosbag-recorder/src/data_preparation/install/data_preparation/share/data_preparation/package.xml
/home/noel/robotervermessung-rosbag-recorder/src/data_preparation/install/data_preparation/share/data_preparation/launch/connect.vicon.launch.yaml
/home/noel/robotervermessung-rosbag-recorder/src/data_preparation/install/data_preparation/lib/python3.10/site-packages/data_preparation-0.0.0-py3.10.egg-info/entry_points.txt
/home/noel/robotervermessung-rosbag-recorder/src/data_preparation/install/data_preparation/lib/python3.10/site-packages/data_preparation-0.0.0-py3.10.egg-info/requires.txt
/home/noel/robotervermessung-rosbag-recorder/src/data_preparation/install/data_preparation/lib/python3.10/site-packages/data_preparation-0.0.0-py3.10.egg-info/SOURCES.txt
/home/noel/robotervermessung-rosbag-recorder/src/data_preparation/install/data_preparation/lib/python3.10/site-packages/data_preparation-0.0.0-py3.10.egg-info/zip-safe
/home/noel/robotervermessung-rosbag-recorder/src/data_preparation/install/data_preparation/lib/python3.10/site-packages/data_preparation-0.0.0-py3.10.egg-info/dependency_links.txt
/home/noel/robotervermessung-rosbag-recorder/src/data_preparation/install/data_preparation/lib/python3.10/site-packages/data_preparation-0.0.0-py3.10.egg-info/PKG-INFO
/home/noel/robotervermessung-rosbag-recorder/src/data_preparation/install/data_preparation/lib/python3.10/site-packages/data_preparation-0.0.0-py3.10.egg-info/top_level.txt
/home/noel/robotervermessung-rosbag-recorder/src/data_preparation/install/data_preparation/lib/data_preparation/connect_socket
/home/noel/robotervermessung-rosbag-recorder/src/data_preparation/install/data_preparation/lib/data_preparation/rosbag_gui
/home/noel/robotervermessung-rosbag-recorder/src/data_preparation/install/data_preparation/lib/data_preparation/rosbag_processor
