running egg_info
creating build/data_preparation/data_preparation.egg-info
writing build/data_preparation/data_preparation.egg-info/PKG-INFO
writing dependency_links to build/data_preparation/data_preparation.egg-info/dependency_links.txt
writing entry points to build/data_preparation/data_preparation.egg-info/entry_points.txt
writing requirements to build/data_preparation/data_preparation.egg-info/requires.txt
writing top-level names to build/data_preparation/data_preparation.egg-info/top_level.txt
writing manifest file 'build/data_preparation/data_preparation.egg-info/SOURCES.txt'
reading manifest file 'build/data_preparation/data_preparation.egg-info/SOURCES.txt'
adding license file 'LICENSE'
writing manifest file 'build/data_preparation/data_preparation.egg-info/SOURCES.txt'
running build
running build_py
creating /home/noel/robotervermessung-rosbag-recorder/src/data_preparation/build/data_preparation/build
creating /home/noel/robotervermessung-rosbag-recorder/src/data_preparation/build/data_preparation/build/lib
creating /home/noel/robotervermessung-rosbag-recorder/src/data_preparation/build/data_preparation/build/lib/data_preparation
copying data_preparation/ftp_download.py -> /home/noel/robotervermessung-rosbag-recorder/src/data_preparation/build/data_preparation/build/lib/data_preparation
copying data_preparation/rosbag_processor.py -> /home/noel/robotervermessung-rosbag-recorder/src/data_preparation/build/data_preparation/build/lib/data_preparation
copying data_preparation/__init__.py -> /home/noel/robotervermessung-rosbag-recorder/src/data_preparation/build/data_preparation/build/lib/data_preparation
copying data_preparation/rosbag_gui.py -> /home/noel/robotervermessung-rosbag-recorder/src/data_preparation/build/data_preparation/build/lib/data_preparation
copying data_preparation/connect_socket.py -> /home/noel/robotervermessung-rosbag-recorder/src/data_preparation/build/data_preparation/build/lib/data_preparation
copying data_preparation/random_point_gen.py -> /home/noel/robotervermessung-rosbag-recorder/src/data_preparation/build/data_preparation/build/lib/data_preparation
running install
running install_lib
creating /home/noel/robotervermessung-rosbag-recorder/src/data_preparation/install/data_preparation/lib/python3.10/site-packages/data_preparation
copying /home/noel/robotervermessung-rosbag-recorder/src/data_preparation/build/data_preparation/build/lib/data_preparation/ftp_download.py -> /home/noel/robotervermessung-rosbag-recorder/src/data_preparation/install/data_preparation/lib/python3.10/site-packages/data_preparation
copying /home/noel/robotervermessung-rosbag-recorder/src/data_preparation/build/data_preparation/build/lib/data_preparation/rosbag_processor.py -> /home/noel/robotervermessung-rosbag-recorder/src/data_preparation/install/data_preparation/lib/python3.10/site-packages/data_preparation
copying /home/noel/robotervermessung-rosbag-recorder/src/data_preparation/build/data_preparation/build/lib/data_preparation/__init__.py -> /home/noel/robotervermessung-rosbag-recorder/src/data_preparation/install/data_preparation/lib/python3.10/site-packages/data_preparation
copying /home/noel/robotervermessung-rosbag-recorder/src/data_preparation/build/data_preparation/build/lib/data_preparation/rosbag_gui.py -> /home/noel/robotervermessung-rosbag-recorder/src/data_preparation/install/data_preparation/lib/python3.10/site-packages/data_preparation
copying /home/noel/robotervermessung-rosbag-recorder/src/data_preparation/build/data_preparation/build/lib/data_preparation/connect_socket.py -> /home/noel/robotervermessung-rosbag-recorder/src/data_preparation/install/data_preparation/lib/python3.10/site-packages/data_preparation
copying /home/noel/robotervermessung-rosbag-recorder/src/data_preparation/build/data_preparation/build/lib/data_preparation/random_point_gen.py -> /home/noel/robotervermessung-rosbag-recorder/src/data_preparation/install/data_preparation/lib/python3.10/site-packages/data_preparation
byte-compiling /home/noel/robotervermessung-rosbag-recorder/src/data_preparation/install/data_preparation/lib/python3.10/site-packages/data_preparation/ftp_download.py to ftp_download.cpython-310.pyc
byte-compiling /home/noel/robotervermessung-rosbag-recorder/src/data_preparation/install/data_preparation/lib/python3.10/site-packages/data_preparation/rosbag_processor.py to rosbag_processor.cpython-310.pyc
byte-compiling /home/noel/robotervermessung-rosbag-recorder/src/data_preparation/install/data_preparation/lib/python3.10/site-packages/data_preparation/__init__.py to __init__.cpython-310.pyc
byte-compiling /home/noel/robotervermessung-rosbag-recorder/src/data_preparation/install/data_preparation/lib/python3.10/site-packages/data_preparation/rosbag_gui.py to rosbag_gui.cpython-310.pyc
byte-compiling /home/noel/robotervermessung-rosbag-recorder/src/data_preparation/install/data_preparation/lib/python3.10/site-packages/data_preparation/connect_socket.py to connect_socket.cpython-310.pyc
byte-compiling /home/noel/robotervermessung-rosbag-recorder/src/data_preparation/install/data_preparation/lib/python3.10/site-packages/data_preparation/random_point_gen.py to random_point_gen.cpython-310.pyc
running install_data
creating /home/noel/robotervermessung-rosbag-recorder/src/data_preparation/install/data_preparation/share/ament_index
creating /home/noel/robotervermessung-rosbag-recorder/src/data_preparation/install/data_preparation/share/ament_index/resource_index
creating /home/noel/robotervermessung-rosbag-recorder/src/data_preparation/install/data_preparation/share/ament_index/resource_index/packages
copying resource/data_preparation -> /home/noel/robotervermessung-rosbag-recorder/src/data_preparation/install/data_preparation/share/ament_index/resource_index/packages
copying package.xml -> /home/noel/robotervermessung-rosbag-recorder/src/data_preparation/install/data_preparation/share/data_preparation
creating /home/noel/robotervermessung-rosbag-recorder/src/data_preparation/install/data_preparation/share/data_preparation/launch
copying launch/connect.vicon.launch.yaml -> /home/noel/robotervermessung-rosbag-recorder/src/data_preparation/install/data_preparation/share/data_preparation/launch
running install_egg_info
Copying build/data_preparation/data_preparation.egg-info to /home/noel/robotervermessung-rosbag-recorder/src/data_preparation/install/data_preparation/lib/python3.10/site-packages/data_preparation-0.0.0-py3.10.egg-info
running install_scripts
Installing connect_socket script to /home/noel/robotervermessung-rosbag-recorder/src/data_preparation/install/data_preparation/lib/data_preparation
Installing rosbag_gui script to /home/noel/robotervermessung-rosbag-recorder/src/data_preparation/install/data_preparation/lib/data_preparation
Installing rosbag_processor script to /home/noel/robotervermessung-rosbag-recorder/src/data_preparation/install/data_preparation/lib/data_preparation
writing list of installed files to '/home/noel/robotervermessung-rosbag-recorder/src/data_preparation/build/data_preparation/install.log'
