[0.379s] Invoking command in '/home/noel/robotervermessung-rosbag-recorder/src/data_preparation': PYTHONPATH=/home/noel/robotervermessung-rosbag-recorder/src/data_preparation/build/data_preparation/prefix_override:/usr/lib/python3/dist-packages/colcon_core/task/python/colcon_distutils_commands:/home/noel/robotervermessung-rosbag-recorder/src/data_preparation/install/data_preparation/lib/python3.10/site-packages:${PYTHONPATH} /usr/bin/python3 -W ignore:setup.py install is deprecated setup.py egg_info --egg-base build/data_preparation build --build-base /home/noel/robotervermessung-rosbag-recorder/src/data_preparation/build/data_preparation/build install --record /home/noel/robotervermessung-rosbag-recorder/src/data_preparation/build/data_preparation/install.log --single-version-externally-managed install_data
[0.532s] running egg_info
[0.532s] creating build/data_preparation/data_preparation.egg-info
[0.533s] writing build/data_preparation/data_preparation.egg-info/PKG-INFO
[0.533s] writing dependency_links to build/data_preparation/data_preparation.egg-info/dependency_links.txt
[0.533s] writing entry points to build/data_preparation/data_preparation.egg-info/entry_points.txt
[0.533s] writing requirements to build/data_preparation/data_preparation.egg-info/requires.txt
[0.533s] writing top-level names to build/data_preparation/data_preparation.egg-info/top_level.txt
[0.533s] writing manifest file 'build/data_preparation/data_preparation.egg-info/SOURCES.txt'
[0.534s] reading manifest file 'build/data_preparation/data_preparation.egg-info/SOURCES.txt'
[0.534s] adding license file 'LICENSE'
[0.534s] writing manifest file 'build/data_preparation/data_preparation.egg-info/SOURCES.txt'
[0.534s] running build
[0.535s] running build_py
[0.535s] creating /home/noel/robotervermessung-rosbag-recorder/src/data_preparation/build/data_preparation/build
[0.535s] creating /home/noel/robotervermessung-rosbag-recorder/src/data_preparation/build/data_preparation/build/lib
[0.535s] creating /home/noel/robotervermessung-rosbag-recorder/src/data_preparation/build/data_preparation/build/lib/data_preparation
[0.535s] copying data_preparation/ftp_download.py -> /home/noel/robotervermessung-rosbag-recorder/src/data_preparation/build/data_preparation/build/lib/data_preparation
[0.535s] copying data_preparation/rosbag_processor.py -> /home/noel/robotervermessung-rosbag-recorder/src/data_preparation/build/data_preparation/build/lib/data_preparation
[0.535s] copying data_preparation/__init__.py -> /home/noel/robotervermessung-rosbag-recorder/src/data_preparation/build/data_preparation/build/lib/data_preparation
[0.535s] copying data_preparation/rosbag_gui.py -> /home/noel/robotervermessung-rosbag-recorder/src/data_preparation/build/data_preparation/build/lib/data_preparation
[0.535s] copying data_preparation/connect_socket.py -> /home/noel/robotervermessung-rosbag-recorder/src/data_preparation/build/data_preparation/build/lib/data_preparation
[0.535s] copying data_preparation/random_point_gen.py -> /home/noel/robotervermessung-rosbag-recorder/src/data_preparation/build/data_preparation/build/lib/data_preparation
[0.535s] running install
[0.535s] running install_lib
[0.535s] creating /home/noel/robotervermessung-rosbag-recorder/src/data_preparation/install/data_preparation/lib/python3.10/site-packages/data_preparation
[0.536s] copying /home/noel/robotervermessung-rosbag-recorder/src/data_preparation/build/data_preparation/build/lib/data_preparation/ftp_download.py -> /home/noel/robotervermessung-rosbag-recorder/src/data_preparation/install/data_preparation/lib/python3.10/site-packages/data_preparation
[0.536s] copying /home/noel/robotervermessung-rosbag-recorder/src/data_preparation/build/data_preparation/build/lib/data_preparation/rosbag_processor.py -> /home/noel/robotervermessung-rosbag-recorder/src/data_preparation/install/data_preparation/lib/python3.10/site-packages/data_preparation
[0.536s] copying /home/noel/robotervermessung-rosbag-recorder/src/data_preparation/build/data_preparation/build/lib/data_preparation/__init__.py -> /home/noel/robotervermessung-rosbag-recorder/src/data_preparation/install/data_preparation/lib/python3.10/site-packages/data_preparation
[0.536s] copying /home/noel/robotervermessung-rosbag-recorder/src/data_preparation/build/data_preparation/build/lib/data_preparation/rosbag_gui.py -> /home/noel/robotervermessung-rosbag-recorder/src/data_preparation/install/data_preparation/lib/python3.10/site-packages/data_preparation
[0.536s] copying /home/noel/robotervermessung-rosbag-recorder/src/data_preparation/build/data_preparation/build/lib/data_preparation/connect_socket.py -> /home/noel/robotervermessung-rosbag-recorder/src/data_preparation/install/data_preparation/lib/python3.10/site-packages/data_preparation
[0.536s] copying /home/noel/robotervermessung-rosbag-recorder/src/data_preparation/build/data_preparation/build/lib/data_preparation/random_point_gen.py -> /home/noel/robotervermessung-rosbag-recorder/src/data_preparation/install/data_preparation/lib/python3.10/site-packages/data_preparation
[0.536s] byte-compiling /home/noel/robotervermessung-rosbag-recorder/src/data_preparation/install/data_preparation/lib/python3.10/site-packages/data_preparation/ftp_download.py to ftp_download.cpython-310.pyc
[0.536s] byte-compiling /home/noel/robotervermessung-rosbag-recorder/src/data_preparation/install/data_preparation/lib/python3.10/site-packages/data_preparation/rosbag_processor.py to rosbag_processor.cpython-310.pyc
[0.538s] byte-compiling /home/noel/robotervermessung-rosbag-recorder/src/data_preparation/install/data_preparation/lib/python3.10/site-packages/data_preparation/__init__.py to __init__.cpython-310.pyc
[0.538s] byte-compiling /home/noel/robotervermessung-rosbag-recorder/src/data_preparation/install/data_preparation/lib/python3.10/site-packages/data_preparation/rosbag_gui.py to rosbag_gui.cpython-310.pyc
[0.539s] byte-compiling /home/noel/robotervermessung-rosbag-recorder/src/data_preparation/install/data_preparation/lib/python3.10/site-packages/data_preparation/connect_socket.py to connect_socket.cpython-310.pyc
[0.540s] byte-compiling /home/noel/robotervermessung-rosbag-recorder/src/data_preparation/install/data_preparation/lib/python3.10/site-packages/data_preparation/random_point_gen.py to random_point_gen.cpython-310.pyc
[0.541s] running install_data
[0.541s] creating /home/noel/robotervermessung-rosbag-recorder/src/data_preparation/install/data_preparation/share/ament_index
[0.541s] creating /home/noel/robotervermessung-rosbag-recorder/src/data_preparation/install/data_preparation/share/ament_index/resource_index
[0.541s] creating /home/noel/robotervermessung-rosbag-recorder/src/data_preparation/install/data_preparation/share/ament_index/resource_index/packages
[0.541s] copying resource/data_preparation -> /home/noel/robotervermessung-rosbag-recorder/src/data_preparation/install/data_preparation/share/ament_index/resource_index/packages
[0.541s] copying package.xml -> /home/noel/robotervermessung-rosbag-recorder/src/data_preparation/install/data_preparation/share/data_preparation
[0.541s] creating /home/noel/robotervermessung-rosbag-recorder/src/data_preparation/install/data_preparation/share/data_preparation/launch
[0.541s] copying launch/connect.vicon.launch.yaml -> /home/noel/robotervermessung-rosbag-recorder/src/data_preparation/install/data_preparation/share/data_preparation/launch
[0.541s] running install_egg_info
[0.542s] Copying build/data_preparation/data_preparation.egg-info to /home/noel/robotervermessung-rosbag-recorder/src/data_preparation/install/data_preparation/lib/python3.10/site-packages/data_preparation-0.0.0-py3.10.egg-info
[0.542s] running install_scripts
[0.555s] Installing connect_socket script to /home/noel/robotervermessung-rosbag-recorder/src/data_preparation/install/data_preparation/lib/data_preparation
[0.555s] Installing rosbag_gui script to /home/noel/robotervermessung-rosbag-recorder/src/data_preparation/install/data_preparation/lib/data_preparation
[0.555s] Installing rosbag_processor script to /home/noel/robotervermessung-rosbag-recorder/src/data_preparation/install/data_preparation/lib/data_preparation
[0.555s] writing list of installed files to '/home/noel/robotervermessung-rosbag-recorder/src/data_preparation/build/data_preparation/install.log'
[0.570s] Invoked command in '/home/noel/robotervermessung-rosbag-recorder/src/data_preparation' returned '0': PYTHONPATH=/home/noel/robotervermessung-rosbag-recorder/src/data_preparation/build/data_preparation/prefix_override:/usr/lib/python3/dist-packages/colcon_core/task/python/colcon_distutils_commands:/home/noel/robotervermessung-rosbag-recorder/src/data_preparation/install/data_preparation/lib/python3.10/site-packages:${PYTHONPATH} /usr/bin/python3 -W ignore:setup.py install is deprecated setup.py egg_info --egg-base build/data_preparation build --build-base /home/noel/robotervermessung-rosbag-recorder/src/data_preparation/build/data_preparation/build install --record /home/noel/robotervermessung-rosbag-recorder/src/data_preparation/build/data_preparation/install.log --single-version-externally-managed install_data
